<?xml version="1.0" encoding="UTF-8"?>
<testsuite xmlns:xsi="http://www.w3.org/2001/XMLSchema-instance" xsi:noNamespaceSchemaLocation="https://maven.apache.org/surefire/maven-surefire-plugin/xsd/surefire-test-report.xsd" name="com.hse.onlinestore.services.ProductServiceTest" time="1.074" tests="5" errors="0" skipped="0" failures="0">
  <properties>
    <property name="gopherProxySet" value="false"/>
    <property name="awt.toolkit" value="sun.lwawt.macosx.LWCToolkit"/>
    <property name="java.specification.version" value="11"/>
    <property name="sun.cpu.isalist" value=""/>
    <property name="sun.jnu.encoding" value="UTF-8"/>
    <property name="java.class.path" value="/Users/elgyoushy.mohammad/myDev/online-store/target/test-classes:/Users/elgyoushy.mohammad/myDev/online-store/target/classes:/Users/elgyoushy.mohammad/.m2/repository/org/springframework/boot/spring-boot-starter-data-jpa/2.5.1/spring-boot-starter-data-jpa-2.5.1.jar:/Users/elgyoushy.mohammad/.m2/repository/org/springframework/boot/spring-boot-starter-aop/2.5.1/spring-boot-starter-aop-2.5.1.jar:/Users/elgyoushy.mohammad/.m2/repository/org/springframework/spring-aop/5.3.8/spring-aop-5.3.8.jar:/Users/elgyoushy.mohammad/.m2/repository/org/aspectj/aspectjweaver/1.9.6/aspectjweaver-1.9.6.jar:/Users/elgyoushy.mohammad/.m2/repository/org/springframework/boot/spring-boot-starter-jdbc/2.5.1/spring-boot-starter-jdbc-2.5.1.jar:/Users/elgyoushy.mohammad/.m2/repository/com/zaxxer/HikariCP/4.0.3/HikariCP-4.0.3.jar:/Users/elgyoushy.mohammad/.m2/repository/org/springframework/spring-jdbc/5.3.8/spring-jdbc-5.3.8.jar:/Users/elgyoushy.mohammad/.m2/repository/jakarta/transaction/jakarta.transaction-api/1.3.3/jakarta.transaction-api-1.3.3.jar:/Users/elgyoushy.mohammad/.m2/repository/jakarta/persistence/jakarta.persistence-api/2.2.3/jakarta.persistence-api-2.2.3.jar:/Users/elgyoushy.mohammad/.m2/repository/org/hibernate/hibernate-core/5.4.32.Final/hibernate-core-5.4.32.Final.jar:/Users/elgyoushy.mohammad/.m2/repository/org/jboss/logging/jboss-logging/3.4.2.Final/jboss-logging-3.4.2.Final.jar:/Users/elgyoushy.mohammad/.m2/repository/org/javassist/javassist/3.27.0-GA/javassist-3.27.0-GA.jar:/Users/elgyoushy.mohammad/.m2/repository/net/bytebuddy/byte-buddy/1.10.22/byte-buddy-1.10.22.jar:/Users/elgyoushy.mohammad/.m2/repository/antlr/antlr/2.7.7/antlr-2.7.7.jar:/Users/elgyoushy.mohammad/.m2/repository/org/jboss/jandex/2.2.3.Final/jandex-2.2.3.Final.jar:/Users/elgyoushy.mohammad/.m2/repository/com/fasterxml/classmate/1.5.1/classmate-1.5.1.jar:/Users/elgyoushy.mohammad/.m2/repository/org/dom4j/dom4j/2.1.3/dom4j-2.1.3.jar:/Users/elgyoushy.mohammad/.m2/repository/org/hibernate/common/hibernate-commons-annotations/5.1.2.Final/hibernate-commons-annotations-5.1.2.Final.jar:/Users/elgyoushy.mohammad/.m2/repository/org/glassfish/jaxb/jaxb-runtime/2.3.4/jaxb-runtime-2.3.4.jar:/Users/elgyoushy.mohammad/.m2/repository/org/glassfish/jaxb/txw2/2.3.4/txw2-2.3.4.jar:/Users/elgyoushy.mohammad/.m2/repository/com/sun/istack/istack-commons-runtime/3.0.12/istack-commons-runtime-3.0.12.jar:/Users/elgyoushy.mohammad/.m2/repository/com/sun/activation/jakarta.activation/1.2.2/jakarta.activation-1.2.2.jar:/Users/elgyoushy.mohammad/.m2/repository/org/springframework/data/spring-data-jpa/2.5.1/spring-data-jpa-2.5.1.jar:/Users/elgyoushy.mohammad/.m2/repository/org/springframework/data/spring-data-commons/2.5.1/spring-data-commons-2.5.1.jar:/Users/elgyoushy.mohammad/.m2/repository/org/springframework/spring-orm/5.3.8/spring-orm-5.3.8.jar:/Users/elgyoushy.mohammad/.m2/repository/org/springframework/spring-context/5.3.8/spring-context-5.3.8.jar:/Users/elgyoushy.mohammad/.m2/repository/org/springframework/spring-tx/5.3.8/spring-tx-5.3.8.jar:/Users/elgyoushy.mohammad/.m2/repository/org/springframework/spring-beans/5.3.8/spring-beans-5.3.8.jar:/Users/elgyoushy.mohammad/.m2/repository/org/springframework/spring-aspects/5.3.8/spring-aspects-5.3.8.jar:/Users/elgyoushy.mohammad/.m2/repository/org/springframework/boot/spring-boot-starter-web/2.5.1/spring-boot-starter-web-2.5.1.jar:/Users/elgyoushy.mohammad/.m2/repository/org/springframework/boot/spring-boot-starter/2.5.1/spring-boot-starter-2.5.1.jar:/Users/elgyoushy.mohammad/.m2/repository/org/springframework/boot/spring-boot/2.5.1/spring-boot-2.5.1.jar:/Users/elgyoushy.mohammad/.m2/repository/org/springframework/boot/spring-boot-autoconfigure/2.5.1/spring-boot-autoconfigure-2.5.1.jar:/Users/elgyoushy.mohammad/.m2/repository/org/springframework/boot/spring-boot-starter-logging/2.5.1/spring-boot-starter-logging-2.5.1.jar:/Users/elgyoushy.mohammad/.m2/repository/ch/qos/logback/logback-classic/1.2.3/logback-classic-1.2.3.jar:/Users/elgyoushy.mohammad/.m2/repository/ch/qos/logback/logback-core/1.2.3/logback-core-1.2.3.jar:/Users/elgyoushy.mohammad/.m2/repository/org/apache/logging/log4j/log4j-to-slf4j/2.14.1/log4j-to-slf4j-2.14.1.jar:/Users/elgyoushy.mohammad/.m2/repository/org/apache/logging/log4j/log4j-api/2.14.1/log4j-api-2.14.1.jar:/Users/elgyoushy.mohammad/.m2/repository/org/slf4j/jul-to-slf4j/1.7.30/jul-to-slf4j-1.7.30.jar:/Users/elgyoushy.mohammad/.m2/repository/jakarta/annotation/jakarta.annotation-api/1.3.5/jakarta.annotation-api-1.3.5.jar:/Users/elgyoushy.mohammad/.m2/repository/org/yaml/snakeyaml/1.28/snakeyaml-1.28.jar:/Users/elgyoushy.mohammad/.m2/repository/org/springframework/boot/spring-boot-starter-json/2.5.1/spring-boot-starter-json-2.5.1.jar:/Users/elgyoushy.mohammad/.m2/repository/com/fasterxml/jackson/datatype/jackson-datatype-jdk8/2.12.3/jackson-datatype-jdk8-2.12.3.jar:/Users/elgyoushy.mohammad/.m2/repository/com/fasterxml/jackson/datatype/jackson-datatype-jsr310/2.12.3/jackson-datatype-jsr310-2.12.3.jar:/Users/elgyoushy.mohammad/.m2/repository/com/fasterxml/jackson/module/jackson-module-parameter-names/2.12.3/jackson-module-parameter-names-2.12.3.jar:/Users/elgyoushy.mohammad/.m2/repository/org/springframework/boot/spring-boot-starter-tomcat/2.5.1/spring-boot-starter-tomcat-2.5.1.jar:/Users/elgyoushy.mohammad/.m2/repository/org/apache/tomcat/embed/tomcat-embed-core/9.0.46/tomcat-embed-core-9.0.46.jar:/Users/elgyoushy.mohammad/.m2/repository/org/apache/tomcat/embed/tomcat-embed-el/9.0.46/tomcat-embed-el-9.0.46.jar:/Users/elgyoushy.mohammad/.m2/repository/org/apache/tomcat/embed/tomcat-embed-websocket/9.0.46/tomcat-embed-websocket-9.0.46.jar:/Users/elgyoushy.mohammad/.m2/repository/org/springframework/spring-web/5.3.8/spring-web-5.3.8.jar:/Users/elgyoushy.mohammad/.m2/repository/org/springframework/spring-webmvc/5.3.8/spring-webmvc-5.3.8.jar:/Users/elgyoushy.mohammad/.m2/repository/org/springframework/spring-expression/5.3.8/spring-expression-5.3.8.jar:/Users/elgyoushy.mohammad/.m2/repository/com/h2database/h2/1.4.200/h2-1.4.200.jar:/Users/elgyoushy.mohammad/.m2/repository/org/projectlombok/lombok/1.18.18/lombok-1.18.18.jar:/Users/elgyoushy.mohammad/.m2/repository/org/springframework/boot/spring-boot-starter-test/2.5.1/spring-boot-starter-test-2.5.1.jar:/Users/elgyoushy.mohammad/.m2/repository/org/springframework/boot/spring-boot-test/2.5.1/spring-boot-test-2.5.1.jar:/Users/elgyoushy.mohammad/.m2/repository/org/springframework/boot/spring-boot-test-autoconfigure/2.5.1/spring-boot-test-autoconfigure-2.5.1.jar:/Users/elgyoushy.mohammad/.m2/repository/com/jayway/jsonpath/json-path/2.5.0/json-path-2.5.0.jar:/Users/elgyoushy.mohammad/.m2/repository/net/minidev/json-smart/2.4.7/json-smart-2.4.7.jar:/Users/elgyoushy.mohammad/.m2/repository/net/minidev/accessors-smart/2.4.7/accessors-smart-2.4.7.jar:/Users/elgyoushy.mohammad/.m2/repository/jakarta/xml/bind/jakarta.xml.bind-api/2.3.3/jakarta.xml.bind-api-2.3.3.jar:/Users/elgyoushy.mohammad/.m2/repository/jakarta/activation/jakarta.activation-api/1.2.2/jakarta.activation-api-1.2.2.jar:/Users/elgyoushy.mohammad/.m2/repository/org/assertj/assertj-core/3.19.0/assertj-core-3.19.0.jar:/Users/elgyoushy.mohammad/.m2/repository/org/hamcrest/hamcrest/2.2/hamcrest-2.2.jar:/Users/elgyoushy.mohammad/.m2/repository/org/junit/jupiter/junit-jupiter/5.7.2/junit-jupiter-5.7.2.jar:/Users/elgyoushy.mohammad/.m2/repository/org/junit/jupiter/junit-jupiter-api/5.7.2/junit-jupiter-api-5.7.2.jar:/Users/elgyoushy.mohammad/.m2/repository/org/apiguardian/apiguardian-api/1.1.0/apiguardian-api-1.1.0.jar:/Users/elgyoushy.mohammad/.m2/repository/org/opentest4j/opentest4j/1.2.0/opentest4j-1.2.0.jar:/Users/elgyoushy.mohammad/.m2/repository/org/junit/platform/junit-platform-commons/1.7.2/junit-platform-commons-1.7.2.jar:/Users/elgyoushy.mohammad/.m2/repository/org/junit/jupiter/junit-jupiter-params/5.7.2/junit-jupiter-params-5.7.2.jar:/Users/elgyoushy.mohammad/.m2/repository/org/junit/jupiter/junit-jupiter-engine/5.7.2/junit-jupiter-engine-5.7.2.jar:/Users/elgyoushy.mohammad/.m2/repository/org/junit/platform/junit-platform-engine/1.7.2/junit-platform-engine-1.7.2.jar:/Users/elgyoushy.mohammad/.m2/repository/org/mockito/mockito-core/3.9.0/mockito-core-3.9.0.jar:/Users/elgyoushy.mohammad/.m2/repository/net/bytebuddy/byte-buddy-agent/1.10.22/byte-buddy-agent-1.10.22.jar:/Users/elgyoushy.mohammad/.m2/repository/org/objenesis/objenesis/3.2/objenesis-3.2.jar:/Users/elgyoushy.mohammad/.m2/repository/org/mockito/mockito-junit-jupiter/3.9.0/mockito-junit-jupiter-3.9.0.jar:/Users/elgyoushy.mohammad/.m2/repository/org/skyscreamer/jsonassert/1.5.0/jsonassert-1.5.0.jar:/Users/elgyoushy.mohammad/.m2/repository/com/vaadin/external/google/android-json/0.0.20131108.vaadin1/android-json-0.0.20131108.vaadin1.jar:/Users/elgyoushy.mohammad/.m2/repository/org/springframework/spring-core/5.3.8/spring-core-5.3.8.jar:/Users/elgyoushy.mohammad/.m2/repository/org/springframework/spring-jcl/5.3.8/spring-jcl-5.3.8.jar:/Users/elgyoushy.mohammad/.m2/repository/org/springframework/spring-test/5.3.8/spring-test-5.3.8.jar:/Users/elgyoushy.mohammad/.m2/repository/org/xmlunit/xmlunit-core/2.8.2/xmlunit-core-2.8.2.jar:/Users/elgyoushy.mohammad/.m2/repository/org/mapstruct/mapstruct/1.4.2.Final/mapstruct-1.4.2.Final.jar:/Users/elgyoushy.mohammad/.m2/repository/junit/junit/4.13.2/junit-4.13.2.jar:/Users/elgyoushy.mohammad/.m2/repository/org/hamcrest/hamcrest-core/2.2/hamcrest-core-2.2.jar:/Users/elgyoushy.mohammad/.m2/repository/javax/validation/validation-api/2.0.1.Final/validation-api-2.0.1.Final.jar:/Users/elgyoushy.mohammad/.m2/repository/org/springdoc/springdoc-openapi-ui/1.5.9/springdoc-openapi-ui-1.5.9.jar:/Users/elgyoushy.mohammad/.m2/repository/org/springdoc/springdoc-openapi-webmvc-core/1.5.9/springdoc-openapi-webmvc-core-1.5.9.jar:/Users/elgyoushy.mohammad/.m2/repository/org/springdoc/springdoc-openapi-common/1.5.9/springdoc-openapi-common-1.5.9.jar:/Users/elgyoushy.mohammad/.m2/repository/io/swagger/core/v3/swagger-models/2.1.9/swagger-models-2.1.9.jar:/Users/elgyoushy.mohammad/.m2/repository/io/swagger/core/v3/swagger-annotations/2.1.9/swagger-annotations-2.1.9.jar:/Users/elgyoushy.mohammad/.m2/repository/io/swagger/core/v3/swagger-integration/2.1.9/swagger-integration-2.1.9.jar:/Users/elgyoushy.mohammad/.m2/repository/io/swagger/core/v3/swagger-core/2.1.9/swagger-core-2.1.9.jar:/Users/elgyoushy.mohammad/.m2/repository/jakarta/validation/jakarta.validation-api/2.0.2/jakarta.validation-api-2.0.2.jar:/Users/elgyoushy.mohammad/.m2/repository/io/github/classgraph/classgraph/4.8.69/classgraph-4.8.69.jar:/Users/elgyoushy.mohammad/.m2/repository/org/webjars/swagger-ui/3.49.0/swagger-ui-3.49.0.jar:/Users/elgyoushy.mohammad/.m2/repository/org/webjars/webjars-locator-core/0.46/webjars-locator-core-0.46.jar:/Users/elgyoushy.mohammad/.m2/repository/org/springdoc/springdoc-openapi-data-rest/1.5.9/springdoc-openapi-data-rest-1.5.9.jar:/Users/elgyoushy.mohammad/.m2/repository/org/springdoc/springdoc-openapi-hateoas/1.5.9/springdoc-openapi-hateoas-1.5.9.jar:/Users/elgyoushy.mohammad/.m2/repository/org/springframework/hateoas/spring-hateoas/1.3.1/spring-hateoas-1.3.1.jar:/Users/elgyoushy.mohammad/.m2/repository/org/springframework/data/spring-data-rest-core/3.5.1/spring-data-rest-core-3.5.1.jar:/Users/elgyoushy.mohammad/.m2/repository/org/springframework/plugin/spring-plugin-core/2.0.0.RELEASE/spring-plugin-core-2.0.0.RELEASE.jar:/Users/elgyoushy.mohammad/.m2/repository/org/atteo/evo-inflector/1.2.2/evo-inflector-1.2.2.jar:/Users/elgyoushy.mohammad/.m2/repository/com/github/tomakehurst/wiremock/2.26.3/wiremock-2.26.3.jar:/Users/elgyoushy.mohammad/.m2/repository/org/eclipse/jetty/jetty-server/9.4.42.v20210604/jetty-server-9.4.42.v20210604.jar:/Users/elgyoushy.mohammad/.m2/repository/javax/servlet/javax.servlet-api/4.0.1/javax.servlet-api-4.0.1.jar:/Users/elgyoushy.mohammad/.m2/repository/org/eclipse/jetty/jetty-http/9.4.42.v20210604/jetty-http-9.4.42.v20210604.jar:/Users/elgyoushy.mohammad/.m2/repository/org/eclipse/jetty/jetty-io/9.4.42.v20210604/jetty-io-9.4.42.v20210604.jar:/Users/elgyoushy.mohammad/.m2/repository/org/eclipse/jetty/jetty-servlet/9.4.42.v20210604/jetty-servlet-9.4.42.v20210604.jar:/Users/elgyoushy.mohammad/.m2/repository/org/eclipse/jetty/jetty-security/9.4.42.v20210604/jetty-security-9.4.42.v20210604.jar:/Users/elgyoushy.mohammad/.m2/repository/org/eclipse/jetty/jetty-util-ajax/9.4.42.v20210604/jetty-util-ajax-9.4.42.v20210604.jar:/Users/elgyoushy.mohammad/.m2/repository/org/eclipse/jetty/jetty-servlets/9.4.42.v20210604/jetty-servlets-9.4.42.v20210604.jar:/Users/elgyoushy.mohammad/.m2/repository/org/eclipse/jetty/jetty-continuation/9.4.42.v20210604/jetty-continuation-9.4.42.v20210604.jar:/Users/elgyoushy.mohammad/.m2/repository/org/eclipse/jetty/jetty-util/9.4.42.v20210604/jetty-util-9.4.42.v20210604.jar:/Users/elgyoushy.mohammad/.m2/repository/org/eclipse/jetty/jetty-webapp/9.4.42.v20210604/jetty-webapp-9.4.42.v20210604.jar:/Users/elgyoushy.mohammad/.m2/repository/org/eclipse/jetty/jetty-xml/9.4.42.v20210604/jetty-xml-9.4.42.v20210604.jar:/Users/elgyoushy.mohammad/.m2/repository/com/google/guava/guava/20.0/guava-20.0.jar:/Users/elgyoushy.mohammad/.m2/repository/com/fasterxml/jackson/core/jackson-core/2.12.3/jackson-core-2.12.3.jar:/Users/elgyoushy.mohammad/.m2/repository/com/fasterxml/jackson/core/jackson-annotations/2.12.3/jackson-annotations-2.12.3.jar:/Users/elgyoushy.mohammad/.m2/repository/com/fasterxml/jackson/core/jackson-databind/2.12.3/jackson-databind-2.12.3.jar:/Users/elgyoushy.mohammad/.m2/repository/org/apache/httpcomponents/httpclient/4.5.13/httpclient-4.5.13.jar:/Users/elgyoushy.mohammad/.m2/repository/org/apache/httpcomponents/httpcore/4.4.14/httpcore-4.4.14.jar:/Users/elgyoushy.mohammad/.m2/repository/commons-codec/commons-codec/1.15/commons-codec-1.15.jar:/Users/elgyoushy.mohammad/.m2/repository/org/xmlunit/xmlunit-legacy/2.8.2/xmlunit-legacy-2.8.2.jar:/Users/elgyoushy.mohammad/.m2/repository/org/xmlunit/xmlunit-placeholders/2.8.2/xmlunit-placeholders-2.8.2.jar:/Users/elgyoushy.mohammad/.m2/repository/org/ow2/asm/asm/7.0/asm-7.0.jar:/Users/elgyoushy.mohammad/.m2/repository/org/slf4j/slf4j-api/1.7.30/slf4j-api-1.7.30.jar:/Users/elgyoushy.mohammad/.m2/repository/net/sf/jopt-simple/jopt-simple/5.0.3/jopt-simple-5.0.3.jar:/Users/elgyoushy.mohammad/.m2/repository/org/apache/commons/commons-lang3/3.12.0/commons-lang3-3.12.0.jar:/Users/elgyoushy.mohammad/.m2/repository/com/github/jknack/handlebars/4.0.7/handlebars-4.0.7.jar:/Users/elgyoushy.mohammad/.m2/repository/org/antlr/antlr4-runtime/4.7.1/antlr4-runtime-4.7.1.jar:/Users/elgyoushy.mohammad/.m2/repository/com/github/jknack/handlebars-helpers/4.0.7/handlebars-helpers-4.0.7.jar:/Users/elgyoushy.mohammad/.m2/repository/com/flipkart/zjsonpatch/zjsonpatch/0.4.4/zjsonpatch-0.4.4.jar:/Users/elgyoushy.mohammad/.m2/repository/commons-fileupload/commons-fileupload/1.4/commons-fileupload-1.4.jar:/Users/elgyoushy.mohammad/.m2/repository/commons-io/commons-io/2.2/commons-io-2.2.jar:/Users/elgyoushy.mohammad/.m2/repository/org/springframework/cloud/spring-cloud-starter-contract-stub-runner/2.1.1.RELEASE/spring-cloud-starter-contract-stub-runner-2.1.1.RELEASE.jar:/Users/elgyoushy.mohammad/.m2/repository/org/springframework/cloud/spring-cloud-contract-stub-runner/2.1.1.RELEASE/spring-cloud-contract-stub-runner-2.1.1.RELEASE.jar:/Users/elgyoushy.mohammad/.m2/repository/org/springframework/cloud/spring-cloud-contract-verifier/2.1.1.RELEASE/spring-cloud-contract-verifier-2.1.1.RELEASE.jar:/Users/elgyoushy.mohammad/.m2/repository/javax/inject/javax.inject/1/javax.inject-1.jar:/Users/elgyoushy.mohammad/.m2/repository/com/toomuchcoding/jsonassert/jsonassert/0.4.13/jsonassert-0.4.13.jar:/Users/elgyoushy.mohammad/.m2/repository/com/rackspace/eclipse/webtools/sourceediting/org.eclipse.wst.xml.xpath2.processor/2.1.100/org.eclipse.wst.xml.xpath2.processor-2.1.100.jar:/Users/elgyoushy.mohammad/.m2/repository/edu/princeton/cup/java-cup/10k/java-cup-10k.jar:/Users/elgyoushy.mohammad/.m2/repository/com/ibm/icu/icu4j/4.6/icu4j-4.6.jar:/Users/elgyoushy.mohammad/.m2/repository/org/codehaus/groovy/groovy/3.0.8/groovy-3.0.8.jar:/Users/elgyoushy.mohammad/.m2/repository/org/codehaus/groovy/groovy-nio/3.0.8/groovy-nio-3.0.8.jar:/Users/elgyoushy.mohammad/.m2/repository/org/codehaus/groovy/groovy-json/3.0.8/groovy-json-3.0.8.jar:/Users/elgyoushy.mohammad/.m2/repository/org/codehaus/groovy/groovy-xml/3.0.8/groovy-xml-3.0.8.jar:/Users/elgyoushy.mohammad/.m2/repository/commons-beanutils/commons-beanutils/1.9.3/commons-beanutils-1.9.3.jar:/Users/elgyoushy.mohammad/.m2/repository/commons-logging/commons-logging/1.2/commons-logging-1.2.jar:/Users/elgyoushy.mohammad/.m2/repository/commons-collections/commons-collections/3.2.2/commons-collections-3.2.2.jar:/Users/elgyoushy.mohammad/.m2/repository/com/fasterxml/jackson/dataformat/jackson-dataformat-yaml/2.12.3/jackson-dataformat-yaml-2.12.3.jar:/Users/elgyoushy.mohammad/.m2/repository/org/springframework/cloud/spring-cloud-contract-shade/2.1.1.RELEASE/spring-cloud-contract-shade-2.1.1.RELEASE.jar:/Users/elgyoushy.mohammad/.m2/repository/org/springframework/cloud/spring-cloud-contract-spec/2.1.1.RELEASE/spring-cloud-contract-spec-2.1.1.RELEASE.jar:/Users/elgyoushy.mohammad/.m2/repository/dk/brics/automaton/automaton/1.11-8/automaton-1.11-8.jar:/Users/elgyoushy.mohammad/.m2/repository/org/apache/commons/commons-text/1.6/commons-text-1.6.jar:/Users/elgyoushy.mohammad/.m2/repository/org/eclipse/jgit/org.eclipse.jgit/5.1.3.201810200350-r/org.eclipse.jgit-5.1.3.201810200350-r.jar:/Users/elgyoushy.mohammad/.m2/repository/com/jcraft/jsch/0.1.54/jsch-0.1.54.jar:/Users/elgyoushy.mohammad/.m2/repository/com/jcraft/jzlib/1.1.1/jzlib-1.1.1.jar:/Users/elgyoushy.mohammad/.m2/repository/com/googlecode/javaewah/JavaEWAH/1.1.6/JavaEWAH-1.1.6.jar:/Users/elgyoushy.mohammad/.m2/repository/com/jcraft/jsch.agentproxy.sshagent/0.0.9/jsch.agentproxy.sshagent-0.0.9.jar:/Users/elgyoushy.mohammad/.m2/repository/com/jcraft/jsch.agentproxy.core/0.0.9/jsch.agentproxy.core-0.0.9.jar:/Users/elgyoushy.mohammad/.m2/repository/com/jcraft/jsch.agentproxy.jsch/0.0.9/jsch.agentproxy.jsch-0.0.9.jar:/Users/elgyoushy.mohammad/.m2/repository/com/jcraft/jsch.agentproxy.usocket-jna/0.0.9/jsch.agentproxy.usocket-jna-0.0.9.jar:/Users/elgyoushy.mohammad/.m2/repository/net/java/dev/jna/jna/4.1.0/jna-4.1.0.jar:/Users/elgyoushy.mohammad/.m2/repository/net/java/dev/jna/jna-platform/4.1.0/jna-platform-4.1.0.jar:/Users/elgyoushy.mohammad/.m2/repository/org/springframework/cloud/spring-cloud-contract-wiremock/2.1.1.RELEASE/spring-cloud-contract-wiremock-2.1.1.RELEASE.jar:/Users/elgyoushy.mohammad/.m2/repository/com/github/tomakehurst/wiremock-standalone/2.20.0/wiremock-standalone-2.20.0.jar:/Users/elgyoushy.mohammad/.m2/repository/org/eclipse/aether/aether-api/1.1.0/aether-api-1.1.0.jar:"/>
    <property name="java.vm.vendor" value="Oracle Corporation"/>
    <property name="sun.arch.data.model" value="64"/>
    <property name="java.vendor.url" value="http://java.oracle.com/"/>
    <property name="user.timezone" value=""/>
    <property name="java.vm.specification.version" value="11"/>
    <property name="os.name" value="Mac OS X"/>
    <property name="sun.java.launcher" value="SUN_STANDARD"/>
    <property name="user.country" value="GB"/>
    <property name="sun.boot.library.path" value="/Library/Java/JavaVirtualMachines/openjdk-11.0.2.jdk/Contents/Home/lib"/>
    <property name="sun.java.command" value="/Users/elgyoushy.mohammad/myDev/online-store/target/surefire/surefirebooter13345940826483128696.jar /Users/elgyoushy.mohammad/myDev/online-store/target/surefire 2021-06-15T12-05-28_038-jvmRun1 surefire6269683962511099501tmp surefire_01224654529847459025tmp"/>
    <property name="http.nonProxyHosts" value="local|*.local|169.254/16|*.169.254/16"/>
    <property name="jdk.debug" value="release"/>
    <property name="surefire.test.class.path" value="/Users/elgyoushy.mohammad/myDev/online-store/target/test-classes:/Users/elgyoushy.mohammad/myDev/online-store/target/classes:/Users/elgyoushy.mohammad/.m2/repository/org/springframework/boot/spring-boot-starter-data-jpa/2.5.1/spring-boot-starter-data-jpa-2.5.1.jar:/Users/elgyoushy.mohammad/.m2/repository/org/springframework/boot/spring-boot-starter-aop/2.5.1/spring-boot-starter-aop-2.5.1.jar:/Users/elgyoushy.mohammad/.m2/repository/org/springframework/spring-aop/5.3.8/spring-aop-5.3.8.jar:/Users/elgyoushy.mohammad/.m2/repository/org/aspectj/aspectjweaver/1.9.6/aspectjweaver-1.9.6.jar:/Users/elgyoushy.mohammad/.m2/repository/org/springframework/boot/spring-boot-starter-jdbc/2.5.1/spring-boot-starter-jdbc-2.5.1.jar:/Users/elgyoushy.mohammad/.m2/repository/com/zaxxer/HikariCP/4.0.3/HikariCP-4.0.3.jar:/Users/elgyoushy.mohammad/.m2/repository/org/springframework/spring-jdbc/5.3.8/spring-jdbc-5.3.8.jar:/Users/elgyoushy.mohammad/.m2/repository/jakarta/transaction/jakarta.transaction-api/1.3.3/jakarta.transaction-api-1.3.3.jar:/Users/elgyoushy.mohammad/.m2/repository/jakarta/persistence/jakarta.persistence-api/2.2.3/jakarta.persistence-api-2.2.3.jar:/Users/elgyoushy.mohammad/.m2/repository/org/hibernate/hibernate-core/5.4.32.Final/hibernate-core-5.4.32.Final.jar:/Users/elgyoushy.mohammad/.m2/repository/org/jboss/logging/jboss-logging/3.4.2.Final/jboss-logging-3.4.2.Final.jar:/Users/elgyoushy.mohammad/.m2/repository/org/javassist/javassist/3.27.0-GA/javassist-3.27.0-GA.jar:/Users/elgyoushy.mohammad/.m2/repository/net/bytebuddy/byte-buddy/1.10.22/byte-buddy-1.10.22.jar:/Users/elgyoushy.mohammad/.m2/repository/antlr/antlr/2.7.7/antlr-2.7.7.jar:/Users/elgyoushy.mohammad/.m2/repository/org/jboss/jandex/2.2.3.Final/jandex-2.2.3.Final.jar:/Users/elgyoushy.mohammad/.m2/repository/com/fasterxml/classmate/1.5.1/classmate-1.5.1.jar:/Users/elgyoushy.mohammad/.m2/repository/org/dom4j/dom4j/2.1.3/dom4j-2.1.3.jar:/Users/elgyoushy.mohammad/.m2/repository/org/hibernate/common/hibernate-commons-annotations/5.1.2.Final/hibernate-commons-annotations-5.1.2.Final.jar:/Users/elgyoushy.mohammad/.m2/repository/org/glassfish/jaxb/jaxb-runtime/2.3.4/jaxb-runtime-2.3.4.jar:/Users/elgyoushy.mohammad/.m2/repository/org/glassfish/jaxb/txw2/2.3.4/txw2-2.3.4.jar:/Users/elgyoushy.mohammad/.m2/repository/com/sun/istack/istack-commons-runtime/3.0.12/istack-commons-runtime-3.0.12.jar:/Users/elgyoushy.mohammad/.m2/repository/com/sun/activation/jakarta.activation/1.2.2/jakarta.activation-1.2.2.jar:/Users/elgyoushy.mohammad/.m2/repository/org/springframework/data/spring-data-jpa/2.5.1/spring-data-jpa-2.5.1.jar:/Users/elgyoushy.mohammad/.m2/repository/org/springframework/data/spring-data-commons/2.5.1/spring-data-commons-2.5.1.jar:/Users/elgyoushy.mohammad/.m2/repository/org/springframework/spring-orm/5.3.8/spring-orm-5.3.8.jar:/Users/elgyoushy.mohammad/.m2/repository/org/springframework/spring-context/5.3.8/spring-context-5.3.8.jar:/Users/elgyoushy.mohammad/.m2/repository/org/springframework/spring-tx/5.3.8/spring-tx-5.3.8.jar:/Users/elgyoushy.mohammad/.m2/repository/org/springframework/spring-beans/5.3.8/spring-beans-5.3.8.jar:/Users/elgyoushy.mohammad/.m2/repository/org/springframework/spring-aspects/5.3.8/spring-aspects-5.3.8.jar:/Users/elgyoushy.mohammad/.m2/repository/org/springframework/boot/spring-boot-starter-web/2.5.1/spring-boot-starter-web-2.5.1.jar:/Users/elgyoushy.mohammad/.m2/repository/org/springframework/boot/spring-boot-starter/2.5.1/spring-boot-starter-2.5.1.jar:/Users/elgyoushy.mohammad/.m2/repository/org/springframework/boot/spring-boot/2.5.1/spring-boot-2.5.1.jar:/Users/elgyoushy.mohammad/.m2/repository/org/springframework/boot/spring-boot-autoconfigure/2.5.1/spring-boot-autoconfigure-2.5.1.jar:/Users/elgyoushy.mohammad/.m2/repository/org/springframework/boot/spring-boot-starter-logging/2.5.1/spring-boot-starter-logging-2.5.1.jar:/Users/elgyoushy.mohammad/.m2/repository/ch/qos/logback/logback-classic/1.2.3/logback-classic-1.2.3.jar:/Users/elgyoushy.mohammad/.m2/repository/ch/qos/logback/logback-core/1.2.3/logback-core-1.2.3.jar:/Users/elgyoushy.mohammad/.m2/repository/org/apache/logging/log4j/log4j-to-slf4j/2.14.1/log4j-to-slf4j-2.14.1.jar:/Users/elgyoushy.mohammad/.m2/repository/org/apache/logging/log4j/log4j-api/2.14.1/log4j-api-2.14.1.jar:/Users/elgyoushy.mohammad/.m2/repository/org/slf4j/jul-to-slf4j/1.7.30/jul-to-slf4j-1.7.30.jar:/Users/elgyoushy.mohammad/.m2/repository/jakarta/annotation/jakarta.annotation-api/1.3.5/jakarta.annotation-api-1.3.5.jar:/Users/elgyoushy.mohammad/.m2/repository/org/yaml/snakeyaml/1.28/snakeyaml-1.28.jar:/Users/elgyoushy.mohammad/.m2/repository/org/springframework/boot/spring-boot-starter-json/2.5.1/spring-boot-starter-json-2.5.1.jar:/Users/elgyoushy.mohammad/.m2/repository/com/fasterxml/jackson/datatype/jackson-datatype-jdk8/2.12.3/jackson-datatype-jdk8-2.12.3.jar:/Users/elgyoushy.mohammad/.m2/repository/com/fasterxml/jackson/datatype/jackson-datatype-jsr310/2.12.3/jackson-datatype-jsr310-2.12.3.jar:/Users/elgyoushy.mohammad/.m2/repository/com/fasterxml/jackson/module/jackson-module-parameter-names/2.12.3/jackson-module-parameter-names-2.12.3.jar:/Users/elgyoushy.mohammad/.m2/repository/org/springframework/boot/spring-boot-starter-tomcat/2.5.1/spring-boot-starter-tomcat-2.5.1.jar:/Users/elgyoushy.mohammad/.m2/repository/org/apache/tomcat/embed/tomcat-embed-core/9.0.46/tomcat-embed-core-9.0.46.jar:/Users/elgyoushy.mohammad/.m2/repository/org/apache/tomcat/embed/tomcat-embed-el/9.0.46/tomcat-embed-el-9.0.46.jar:/Users/elgyoushy.mohammad/.m2/repository/org/apache/tomcat/embed/tomcat-embed-websocket/9.0.46/tomcat-embed-websocket-9.0.46.jar:/Users/elgyoushy.mohammad/.m2/repository/org/springframework/spring-web/5.3.8/spring-web-5.3.8.jar:/Users/elgyoushy.mohammad/.m2/repository/org/springframework/spring-webmvc/5.3.8/spring-webmvc-5.3.8.jar:/Users/elgyoushy.mohammad/.m2/repository/org/springframework/spring-expression/5.3.8/spring-expression-5.3.8.jar:/Users/elgyoushy.mohammad/.m2/repository/com/h2database/h2/1.4.200/h2-1.4.200.jar:/Users/elgyoushy.mohammad/.m2/repository/org/projectlombok/lombok/1.18.18/lombok-1.18.18.jar:/Users/elgyoushy.mohammad/.m2/repository/org/springframework/boot/spring-boot-starter-test/2.5.1/spring-boot-starter-test-2.5.1.jar:/Users/elgyoushy.mohammad/.m2/repository/org/springframework/boot/spring-boot-test/2.5.1/spring-boot-test-2.5.1.jar:/Users/elgyoushy.mohammad/.m2/repository/org/springframework/boot/spring-boot-test-autoconfigure/2.5.1/spring-boot-test-autoconfigure-2.5.1.jar:/Users/elgyoushy.mohammad/.m2/repository/com/jayway/jsonpath/json-path/2.5.0/json-path-2.5.0.jar:/Users/elgyoushy.mohammad/.m2/repository/net/minidev/json-smart/2.4.7/json-smart-2.4.7.jar:/Users/elgyoushy.mohammad/.m2/repository/net/minidev/accessors-smart/2.4.7/accessors-smart-2.4.7.jar:/Users/elgyoushy.mohammad/.m2/repository/jakarta/xml/bind/jakarta.xml.bind-api/2.3.3/jakarta.xml.bind-api-2.3.3.jar:/Users/elgyoushy.mohammad/.m2/repository/jakarta/activation/jakarta.activation-api/1.2.2/jakarta.activation-api-1.2.2.jar:/Users/elgyoushy.mohammad/.m2/repository/org/assertj/assertj-core/3.19.0/assertj-core-3.19.0.jar:/Users/elgyoushy.mohammad/.m2/repository/org/hamcrest/hamcrest/2.2/hamcrest-2.2.jar:/Users/elgyoushy.mohammad/.m2/repository/org/junit/jupiter/junit-jupiter/5.7.2/junit-jupiter-5.7.2.jar:/Users/elgyoushy.mohammad/.m2/repository/org/junit/jupiter/junit-jupiter-api/5.7.2/junit-jupiter-api-5.7.2.jar:/Users/elgyoushy.mohammad/.m2/repository/org/apiguardian/apiguardian-api/1.1.0/apiguardian-api-1.1.0.jar:/Users/elgyoushy.mohammad/.m2/repository/org/opentest4j/opentest4j/1.2.0/opentest4j-1.2.0.jar:/Users/elgyoushy.mohammad/.m2/repository/org/junit/platform/junit-platform-commons/1.7.2/junit-platform-commons-1.7.2.jar:/Users/elgyoushy.mohammad/.m2/repository/org/junit/jupiter/junit-jupiter-params/5.7.2/junit-jupiter-params-5.7.2.jar:/Users/elgyoushy.mohammad/.m2/repository/org/junit/jupiter/junit-jupiter-engine/5.7.2/junit-jupiter-engine-5.7.2.jar:/Users/elgyoushy.mohammad/.m2/repository/org/junit/platform/junit-platform-engine/1.7.2/junit-platform-engine-1.7.2.jar:/Users/elgyoushy.mohammad/.m2/repository/org/mockito/mockito-core/3.9.0/mockito-core-3.9.0.jar:/Users/elgyoushy.mohammad/.m2/repository/net/bytebuddy/byte-buddy-agent/1.10.22/byte-buddy-agent-1.10.22.jar:/Users/elgyoushy.mohammad/.m2/repository/org/objenesis/objenesis/3.2/objenesis-3.2.jar:/Users/elgyoushy.mohammad/.m2/repository/org/mockito/mockito-junit-jupiter/3.9.0/mockito-junit-jupiter-3.9.0.jar:/Users/elgyoushy.mohammad/.m2/repository/org/skyscreamer/jsonassert/1.5.0/jsonassert-1.5.0.jar:/Users/elgyoushy.mohammad/.m2/repository/com/vaadin/external/google/android-json/0.0.20131108.vaadin1/android-json-0.0.20131108.vaadin1.jar:/Users/elgyoushy.mohammad/.m2/repository/org/springframework/spring-core/5.3.8/spring-core-5.3.8.jar:/Users/elgyoushy.mohammad/.m2/repository/org/springframework/spring-jcl/5.3.8/spring-jcl-5.3.8.jar:/Users/elgyoushy.mohammad/.m2/repository/org/springframework/spring-test/5.3.8/spring-test-5.3.8.jar:/Users/elgyoushy.mohammad/.m2/repository/org/xmlunit/xmlunit-core/2.8.2/xmlunit-core-2.8.2.jar:/Users/elgyoushy.mohammad/.m2/repository/org/mapstruct/mapstruct/1.4.2.Final/mapstruct-1.4.2.Final.jar:/Users/elgyoushy.mohammad/.m2/repository/junit/junit/4.13.2/junit-4.13.2.jar:/Users/elgyoushy.mohammad/.m2/repository/org/hamcrest/hamcrest-core/2.2/hamcrest-core-2.2.jar:/Users/elgyoushy.mohammad/.m2/repository/javax/validation/validation-api/2.0.1.Final/validation-api-2.0.1.Final.jar:/Users/elgyoushy.mohammad/.m2/repository/org/springdoc/springdoc-openapi-ui/1.5.9/springdoc-openapi-ui-1.5.9.jar:/Users/elgyoushy.mohammad/.m2/repository/org/springdoc/springdoc-openapi-webmvc-core/1.5.9/springdoc-openapi-webmvc-core-1.5.9.jar:/Users/elgyoushy.mohammad/.m2/repository/org/springdoc/springdoc-openapi-common/1.5.9/springdoc-openapi-common-1.5.9.jar:/Users/elgyoushy.mohammad/.m2/repository/io/swagger/core/v3/swagger-models/2.1.9/swagger-models-2.1.9.jar:/Users/elgyoushy.mohammad/.m2/repository/io/swagger/core/v3/swagger-annotations/2.1.9/swagger-annotations-2.1.9.jar:/Users/elgyoushy.mohammad/.m2/repository/io/swagger/core/v3/swagger-integration/2.1.9/swagger-integration-2.1.9.jar:/Users/elgyoushy.mohammad/.m2/repository/io/swagger/core/v3/swagger-core/2.1.9/swagger-core-2.1.9.jar:/Users/elgyoushy.mohammad/.m2/repository/jakarta/validation/jakarta.validation-api/2.0.2/jakarta.validation-api-2.0.2.jar:/Users/elgyoushy.mohammad/.m2/repository/io/github/classgraph/classgraph/4.8.69/classgraph-4.8.69.jar:/Users/elgyoushy.mohammad/.m2/repository/org/webjars/swagger-ui/3.49.0/swagger-ui-3.49.0.jar:/Users/elgyoushy.mohammad/.m2/repository/org/webjars/webjars-locator-core/0.46/webjars-locator-core-0.46.jar:/Users/elgyoushy.mohammad/.m2/repository/org/springdoc/springdoc-openapi-data-rest/1.5.9/springdoc-openapi-data-rest-1.5.9.jar:/Users/elgyoushy.mohammad/.m2/repository/org/springdoc/springdoc-openapi-hateoas/1.5.9/springdoc-openapi-hateoas-1.5.9.jar:/Users/elgyoushy.mohammad/.m2/repository/org/springframework/hateoas/spring-hateoas/1.3.1/spring-hateoas-1.3.1.jar:/Users/elgyoushy.mohammad/.m2/repository/org/springframework/data/spring-data-rest-core/3.5.1/spring-data-rest-core-3.5.1.jar:/Users/elgyoushy.mohammad/.m2/repository/org/springframework/plugin/spring-plugin-core/2.0.0.RELEASE/spring-plugin-core-2.0.0.RELEASE.jar:/Users/elgyoushy.mohammad/.m2/repository/org/atteo/evo-inflector/1.2.2/evo-inflector-1.2.2.jar:/Users/elgyoushy.mohammad/.m2/repository/com/github/tomakehurst/wiremock/2.26.3/wiremock-2.26.3.jar:/Users/elgyoushy.mohammad/.m2/repository/org/eclipse/jetty/jetty-server/9.4.42.v20210604/jetty-server-9.4.42.v20210604.jar:/Users/elgyoushy.mohammad/.m2/repository/javax/servlet/javax.servlet-api/4.0.1/javax.servlet-api-4.0.1.jar:/Users/elgyoushy.mohammad/.m2/repository/org/eclipse/jetty/jetty-http/9.4.42.v20210604/jetty-http-9.4.42.v20210604.jar:/Users/elgyoushy.mohammad/.m2/repository/org/eclipse/jetty/jetty-io/9.4.42.v20210604/jetty-io-9.4.42.v20210604.jar:/Users/elgyoushy.mohammad/.m2/repository/org/eclipse/jetty/jetty-servlet/9.4.42.v20210604/jetty-servlet-9.4.42.v20210604.jar:/Users/elgyoushy.mohammad/.m2/repository/org/eclipse/jetty/jetty-security/9.4.42.v20210604/jetty-security-9.4.42.v20210604.jar:/Users/elgyoushy.mohammad/.m2/repository/org/eclipse/jetty/jetty-util-ajax/9.4.42.v20210604/jetty-util-ajax-9.4.42.v20210604.jar:/Users/elgyoushy.mohammad/.m2/repository/org/eclipse/jetty/jetty-servlets/9.4.42.v20210604/jetty-servlets-9.4.42.v20210604.jar:/Users/elgyoushy.mohammad/.m2/repository/org/eclipse/jetty/jetty-continuation/9.4.42.v20210604/jetty-continuation-9.4.42.v20210604.jar:/Users/elgyoushy.mohammad/.m2/repository/org/eclipse/jetty/jetty-util/9.4.42.v20210604/jetty-util-9.4.42.v20210604.jar:/Users/elgyoushy.mohammad/.m2/repository/org/eclipse/jetty/jetty-webapp/9.4.42.v20210604/jetty-webapp-9.4.42.v20210604.jar:/Users/elgyoushy.mohammad/.m2/repository/org/eclipse/jetty/jetty-xml/9.4.42.v20210604/jetty-xml-9.4.42.v20210604.jar:/Users/elgyoushy.mohammad/.m2/repository/com/google/guava/guava/20.0/guava-20.0.jar:/Users/elgyoushy.mohammad/.m2/repository/com/fasterxml/jackson/core/jackson-core/2.12.3/jackson-core-2.12.3.jar:/Users/elgyoushy.mohammad/.m2/repository/com/fasterxml/jackson/core/jackson-annotations/2.12.3/jackson-annotations-2.12.3.jar:/Users/elgyoushy.mohammad/.m2/repository/com/fasterxml/jackson/core/jackson-databind/2.12.3/jackson-databind-2.12.3.jar:/Users/elgyoushy.mohammad/.m2/repository/org/apache/httpcomponents/httpclient/4.5.13/httpclient-4.5.13.jar:/Users/elgyoushy.mohammad/.m2/repository/org/apache/httpcomponents/httpcore/4.4.14/httpcore-4.4.14.jar:/Users/elgyoushy.mohammad/.m2/repository/commons-codec/commons-codec/1.15/commons-codec-1.15.jar:/Users/elgyoushy.mohammad/.m2/repository/org/xmlunit/xmlunit-legacy/2.8.2/xmlunit-legacy-2.8.2.jar:/Users/elgyoushy.mohammad/.m2/repository/org/xmlunit/xmlunit-placeholders/2.8.2/xmlunit-placeholders-2.8.2.jar:/Users/elgyoushy.mohammad/.m2/repository/org/ow2/asm/asm/7.0/asm-7.0.jar:/Users/elgyoushy.mohammad/.m2/repository/org/slf4j/slf4j-api/1.7.30/slf4j-api-1.7.30.jar:/Users/elgyoushy.mohammad/.m2/repository/net/sf/jopt-simple/jopt-simple/5.0.3/jopt-simple-5.0.3.jar:/Users/elgyoushy.mohammad/.m2/repository/org/apache/commons/commons-lang3/3.12.0/commons-lang3-3.12.0.jar:/Users/elgyoushy.mohammad/.m2/repository/com/github/jknack/handlebars/4.0.7/handlebars-4.0.7.jar:/Users/elgyoushy.mohammad/.m2/repository/org/antlr/antlr4-runtime/4.7.1/antlr4-runtime-4.7.1.jar:/Users/elgyoushy.mohammad/.m2/repository/com/github/jknack/handlebars-helpers/4.0.7/handlebars-helpers-4.0.7.jar:/Users/elgyoushy.mohammad/.m2/repository/com/flipkart/zjsonpatch/zjsonpatch/0.4.4/zjsonpatch-0.4.4.jar:/Users/elgyoushy.mohammad/.m2/repository/commons-fileupload/commons-fileupload/1.4/commons-fileupload-1.4.jar:/Users/elgyoushy.mohammad/.m2/repository/commons-io/commons-io/2.2/commons-io-2.2.jar:/Users/elgyoushy.mohammad/.m2/repository/org/springframework/cloud/spring-cloud-starter-contract-stub-runner/2.1.1.RELEASE/spring-cloud-starter-contract-stub-runner-2.1.1.RELEASE.jar:/Users/elgyoushy.mohammad/.m2/repository/org/springframework/cloud/spring-cloud-contract-stub-runner/2.1.1.RELEASE/spring-cloud-contract-stub-runner-2.1.1.RELEASE.jar:/Users/elgyoushy.mohammad/.m2/repository/org/springframework/cloud/spring-cloud-contract-verifier/2.1.1.RELEASE/spring-cloud-contract-verifier-2.1.1.RELEASE.jar:/Users/elgyoushy.mohammad/.m2/repository/javax/inject/javax.inject/1/javax.inject-1.jar:/Users/elgyoushy.mohammad/.m2/repository/com/toomuchcoding/jsonassert/jsonassert/0.4.13/jsonassert-0.4.13.jar:/Users/elgyoushy.mohammad/.m2/repository/com/rackspace/eclipse/webtools/sourceediting/org.eclipse.wst.xml.xpath2.processor/2.1.100/org.eclipse.wst.xml.xpath2.processor-2.1.100.jar:/Users/elgyoushy.mohammad/.m2/repository/edu/princeton/cup/java-cup/10k/java-cup-10k.jar:/Users/elgyoushy.mohammad/.m2/repository/com/ibm/icu/icu4j/4.6/icu4j-4.6.jar:/Users/elgyoushy.mohammad/.m2/repository/org/codehaus/groovy/groovy/3.0.8/groovy-3.0.8.jar:/Users/elgyoushy.mohammad/.m2/repository/org/codehaus/groovy/groovy-nio/3.0.8/groovy-nio-3.0.8.jar:/Users/elgyoushy.mohammad/.m2/repository/org/codehaus/groovy/groovy-json/3.0.8/groovy-json-3.0.8.jar:/Users/elgyoushy.mohammad/.m2/repository/org/codehaus/groovy/groovy-xml/3.0.8/groovy-xml-3.0.8.jar:/Users/elgyoushy.mohammad/.m2/repository/commons-beanutils/commons-beanutils/1.9.3/commons-beanutils-1.9.3.jar:/Users/elgyoushy.mohammad/.m2/repository/commons-logging/commons-logging/1.2/commons-logging-1.2.jar:/Users/elgyoushy.mohammad/.m2/repository/commons-collections/commons-collections/3.2.2/commons-collections-3.2.2.jar:/Users/elgyoushy.mohammad/.m2/repository/com/fasterxml/jackson/dataformat/jackson-dataformat-yaml/2.12.3/jackson-dataformat-yaml-2.12.3.jar:/Users/elgyoushy.mohammad/.m2/repository/org/springframework/cloud/spring-cloud-contract-shade/2.1.1.RELEASE/spring-cloud-contract-shade-2.1.1.RELEASE.jar:/Users/elgyoushy.mohammad/.m2/repository/org/springframework/cloud/spring-cloud-contract-spec/2.1.1.RELEASE/spring-cloud-contract-spec-2.1.1.RELEASE.jar:/Users/elgyoushy.mohammad/.m2/repository/dk/brics/automaton/automaton/1.11-8/automaton-1.11-8.jar:/Users/elgyoushy.mohammad/.m2/repository/org/apache/commons/commons-text/1.6/commons-text-1.6.jar:/Users/elgyoushy.mohammad/.m2/repository/org/eclipse/jgit/org.eclipse.jgit/5.1.3.201810200350-r/org.eclipse.jgit-5.1.3.201810200350-r.jar:/Users/elgyoushy.mohammad/.m2/repository/com/jcraft/jsch/0.1.54/jsch-0.1.54.jar:/Users/elgyoushy.mohammad/.m2/repository/com/jcraft/jzlib/1.1.1/jzlib-1.1.1.jar:/Users/elgyoushy.mohammad/.m2/repository/com/googlecode/javaewah/JavaEWAH/1.1.6/JavaEWAH-1.1.6.jar:/Users/elgyoushy.mohammad/.m2/repository/com/jcraft/jsch.agentproxy.sshagent/0.0.9/jsch.agentproxy.sshagent-0.0.9.jar:/Users/elgyoushy.mohammad/.m2/repository/com/jcraft/jsch.agentproxy.core/0.0.9/jsch.agentproxy.core-0.0.9.jar:/Users/elgyoushy.mohammad/.m2/repository/com/jcraft/jsch.agentproxy.jsch/0.0.9/jsch.agentproxy.jsch-0.0.9.jar:/Users/elgyoushy.mohammad/.m2/repository/com/jcraft/jsch.agentproxy.usocket-jna/0.0.9/jsch.agentproxy.usocket-jna-0.0.9.jar:/Users/elgyoushy.mohammad/.m2/repository/net/java/dev/jna/jna/4.1.0/jna-4.1.0.jar:/Users/elgyoushy.mohammad/.m2/repository/net/java/dev/jna/jna-platform/4.1.0/jna-platform-4.1.0.jar:/Users/elgyoushy.mohammad/.m2/repository/org/springframework/cloud/spring-cloud-contract-wiremock/2.1.1.RELEASE/spring-cloud-contract-wiremock-2.1.1.RELEASE.jar:/Users/elgyoushy.mohammad/.m2/repository/com/github/tomakehurst/wiremock-standalone/2.20.0/wiremock-standalone-2.20.0.jar:/Users/elgyoushy.mohammad/.m2/repository/org/eclipse/aether/aether-api/1.1.0/aether-api-1.1.0.jar:"/>
    <property name="sun.cpu.endian" value="little"/>
    <property name="user.home" value="/Users/elgyoushy.mohammad"/>
    <property name="user.language" value="en"/>
    <property name="java.specification.vendor" value="Oracle Corporation"/>
    <property name="java.version.date" value="2019-01-15"/>
    <property name="java.home" value="/Library/Java/JavaVirtualMachines/openjdk-11.0.2.jdk/Contents/Home"/>
    <property name="file.separator" value="/"/>
    <property name="basedir" value="/Users/elgyoushy.mohammad/myDev/online-store"/>
    <property name="java.vm.compressedOopsMode" value="Zero based"/>
    <property name="line.separator" value="&#10;"/>
    <property name="java.specification.name" value="Java Platform API Specification"/>
    <property name="java.vm.specification.vendor" value="Oracle Corporation"/>
    <property name="java.awt.graphicsenv" value="sun.awt.CGraphicsEnvironment"/>
    <property name="surefire.real.class.path" value="/Users/elgyoushy.mohammad/myDev/online-store/target/surefire/surefirebooter13345940826483128696.jar"/>
    <property name="sun.management.compiler" value="HotSpot 64-Bit Tiered Compilers"/>
    <property name="ftp.nonProxyHosts" value="local|*.local|169.254/16|*.169.254/16"/>
    <property name="java.runtime.version" value="11.0.2+9"/>
    <property name="user.name" value="elgyoushy.mohammad"/>
    <property name="path.separator" value=":"/>
    <property name="os.version" value="10.15.6"/>
    <property name="java.runtime.name" value="OpenJDK Runtime Environment"/>
    <property name="file.encoding" value="UTF-8"/>
    <property name="java.vm.name" value="OpenJDK 64-Bit Server VM"/>
    <property name="java.vendor.version" value="18.9"/>
    <property name="localRepository" value="/Users/elgyoushy.mohammad/.m2/repository"/>
    <property name="java.vendor.url.bug" value="http://bugreport.java.com/bugreport/"/>
    <property name="java.io.tmpdir" value="/var/folders/5m/tq5cjnks4gd2tl0xchn30cdh0000gs/T/"/>
    <property name="java.version" value="11.0.2"/>
    <property name="user.dir" value="/Users/elgyoushy.mohammad/myDev/online-store"/>
    <property name="os.arch" value="x86_64"/>
    <property name="java.vm.specification.name" value="Java Virtual Machine Specification"/>
    <property name="java.awt.printerjob" value="sun.lwawt.macosx.CPrinterJob"/>
    <property name="sun.os.patch.level" value="unknown"/>
    <property name="java.library.path" value="/Users/elgyoushy.mohammad/Library/Java/Extensions:/Library/Java/Extensions:/Network/Library/Java/Extensions:/System/Library/Java/Extensions:/usr/lib/java:."/>
    <property name="java.vendor" value="Oracle Corporation"/>
    <property name="java.vm.info" value="mixed mode"/>
    <property name="java.vm.version" value="11.0.2+9"/>
    <property name="sun.io.unicode.encoding" value="UnicodeBig"/>
    <property name="java.class.version" value="55.0"/>
    <property name="socksNonProxyHosts" value="local|*.local|169.254/16|*.169.254/16"/>
  </properties>
  <testcase name="deleteProductTest" classname="com.hse.onlinestore.services.ProductServiceTest" time="0.029"/>
  <testcase name="editProductTest" classname="com.hse.onlinestore.services.ProductServiceTest" time="0.026"/>
  <testcase name="saveProductInUsdTest" classname="com.hse.onlinestore.services.ProductServiceTest" time="0.007"/>
  <testcase name="listProductTest" classname="com.hse.onlinestore.services.ProductServiceTest" time="0.013"/>
  <testcase name="saveProductInEuroTest" classname="com.hse.onlinestore.services.ProductServiceTest" time="0.007"/>
</testsuite>